<?xml version="1.0" encoding="UTF-8"?>
<testsuite xmlns:xsi="http://www.w3.org/2001/XMLSchema-instance" xsi:noNamespaceSchemaLocation="https://maven.apache.org/surefire/maven-surefire-plugin/xsd/surefire-test-report.xsd" name="TestSuite" time="129.937" tests="6" errors="0" skipped="0" failures="0">
  <properties>
[...]
</properties>
  <testcase name="mainUrlTest" classname="com.ATQA2020Lagoshin.FirstWebTests" time="19.499"/>
  <testcase name="newTestSecond" classname="com.ATQA2020Lagoshin.FirstWebTests" time="18.474"/>
  <testcase name="newTestThird" classname="com.ATQA2020Lagoshin.FirstWebTests" time="20.116"/>
  <testcase name="newTestFourth" classname="com.ATQA2020Lagoshin.FirstWebTests" time="24.92"/>
  <testcase name="newTestFifth" classname="com.ATQA2020Lagoshin.FirstWebTests" time="25.662"/>
  <testcase name="shouldAnswerWithTrue on shouldAnswerWithTrue(com.ATQA2020Lagoshin.AppTest)" classname="com.ATQA2020Lagoshin.AppTest" time="0.001"/>
</testsuite>