<?xml version="1.0" encoding="UTF-8"?>
<!-- Generated by org.testng.reporters.JUnitXMLReporter -->
<testsuite hostname="HOME-PC" ignored="0" name="Surefire test" tests="5" failures="0" timestamp="27 дек 2020 10:42:58 GMT" time="129.242" errors="0">
  <testcase name="mainUrlTest" time="19.498" classname="com.ATQA2020Lagoshin.FirstWebTests"/>
  <testcase name="newTestSecond" time="18.475" classname="com.ATQA2020Lagoshin.FirstWebTests"/>
  <testcase name="newTestThird" time="20.116" classname="com.ATQA2020Lagoshin.FirstWebTests"/>
  <testcase name="newTestFourth" time="24.921" classname="com.ATQA2020Lagoshin.FirstWebTests"/>
  <testcase name="newTestFifth" time="25.662" classname="com.ATQA2020Lagoshin.FirstWebTests"/>
</testsuite> <!-- Surefire test -->
